<?xml version="1.0" encoding="UTF-8"?>
<testng-results ignored="0" total="2" passed="2" failed="0" skipped="0">
  <reporter-output>
  </reporter-output>
  <suite started-at="2025-10-31T21:09:27 IST" name="Suite" finished-at="2025-10-31T21:09:27 IST" duration-ms="87">
    <groups>
    </groups>
    <test started-at="2025-10-31T21:09:27 IST" name="Test2" finished-at="2025-10-31T21:09:27 IST" duration-ms="87">
      <class name="testngdemo.First">
        <test-method signature="firstex()[pri:0, instance:testngdemo.First@2b71e916]" started-at="2025-10-31T21:09:27 IST" name="firstex" finished-at="2025-10-31T21:09:27 IST" duration-ms="23" status="PASS">
          <reporter-output>
          </reporter-output>
        </test-method> <!-- firstex -->
      </class> <!-- testngdemo.First -->
    </test> <!-- Test2 -->
    <test started-at="2025-10-31T21:09:27 IST" name="Test" finished-at="2025-10-31T21:09:27 IST" duration-ms="87">
      <class name="testngdemo.Second">
        <test-method signature="testcase()[pri:0, instance:testngdemo.Second@9597028]" started-at="2025-10-31T21:09:27 IST" name="testcase" finished-at="2025-10-31T21:09:27 IST" duration-ms="23" status="PASS">
          <reporter-output>
          </reporter-output>
        </test-method> <!-- testcase -->
      </class> <!-- testngdemo.Second -->
    </test> <!-- Test -->
  </suite> <!-- Suite -->
</testng-results>
