<?xml version="1.0" encoding="UTF-8"?>
<!-- Generated by org.testng.reporters.JUnitReportReporter -->
<testsuite hostname="Yahya_Shaikh" failures="0" tests="4" name="parallelTesting.LoginTest" time="23.151" errors="0" timestamp="2025-10-29T19:33:09 IST" skipped="0">
  <testcase classname="parallelTesting.LoginTest" name="testloginInChrome" time="8.959"/>
  <system-out/>
  <testcase classname="parallelTesting.LoginTest" name="testloginInChrome" time="2.719"/>
  <system-out/>
  <testcase classname="parallelTesting.LoginTest" name="testloginMicrosoftEdge" time="8.382"/>
  <system-out/>
  <testcase classname="parallelTesting.LoginTest" name="testloginMicrosoftEdge" time="3.091"/>
  <system-out/>
</testsuite> <!-- parallelTesting.LoginTest -->
